{"/Users/jeremytemple/workplace/blockchain-playground/subscriptions-service/src/resolvers.ts": {"path":"/Users/jeremytemple/workplace/blockchain-playground/subscriptions-service/src/resolvers.ts","statementMap":{"0":{"start":{"line":2,"column":0},"end":{"line":2,"column":56}},"1":{"start":{"line":3,"column":0},"end":{"line":3,"column":54}},"2":{"start":{"line":4,"column":0},"end":{"line":4,"column":53}},"3":{"start":{"line":6,"column":26},"end":{"line":13,"column":1}},"4":{"start":{"line":7,"column":4},"end":{"line":12,"column":6}},"5":{"start":{"line":8,"column":43},"end":{"line":8,"column":68}},"6":{"start":{"line":14,"column":13},"end":{"line":53,"column":null}},"7":{"start":{"line":17,"column":12},"end":{"line":17,"column":41}},"8":{"start":{"line":18,"column":12},"end":{"line":18,"column":113}},"9":{"start":{"line":21,"column":12},"end":{"line":21,"column":40}},"10":{"start":{"line":22,"column":33},"end":{"line":22,"column":76}},"11":{"start":{"line":23,"column":12},"end":{"line":25,"column":13}},"12":{"start":{"line":24,"column":16},"end":{"line":24,"column":58}},"13":{"start":{"line":26,"column":12},"end":{"line":26,"column":39}},"14":{"start":{"line":31,"column":12},"end":{"line":31,"column":53}},"15":{"start":{"line":32,"column":12},"end":{"line":32,"column":60}},"16":{"start":{"line":35,"column":12},"end":{"line":35,"column":49}},"17":{"start":{"line":36,"column":12},"end":{"line":36,"column":67}},"18":{"start":{"line":40,"column":12},"end":{"line":40,"column":49}},"19":{"start":{"line":41,"column":12},"end":{"line":41,"column":60}},"20":{"start":{"line":46,"column":12},"end":{"line":46,"column":50}},"21":{"start":{"line":47,"column":33},"end":{"line":47,"column":92}},"22":{"start":{"line":48,"column":36},"end":{"line":48,"column":66}},"23":{"start":{"line":49,"column":39},"end":{"line":49,"column":72}},"24":{"start":{"line":50,"column":12},"end":{"line":50,"column":91}}},"fnMap":{"0":{"name":"(anonymous_1)","decl":{"start":{"line":6,"column":26},"end":{"line":6,"column":27}},"loc":{"start":{"line":6,"column":43},"end":{"line":13,"column":1}}},"1":{"name":"(anonymous_2)","decl":{"start":{"line":8,"column":25},"end":{"line":8,"column":26}},"loc":{"start":{"line":8,"column":43},"end":{"line":8,"column":68}}},"2":{"name":"(anonymous_3)","decl":{"start":{"line":16,"column":23},"end":{"line":16,"column":28}},"loc":{"start":{"line":16,"column":85},"end":{"line":19,"column":9}}},"3":{"name":"(anonymous_4)","decl":{"start":{"line":20,"column":22},"end":{"line":20,"column":27}},"loc":{"start":{"line":20,"column":52},"end":{"line":27,"column":9}}},"4":{"name":"(anonymous_5)","decl":{"start":{"line":30,"column":19},"end":{"line":30,"column":24}},"loc":{"start":{"line":30,"column":66},"end":{"line":33,"column":9}}},"5":{"name":"(anonymous_6)","decl":{"start":{"line":34,"column":28},"end":{"line":34,"column":33}},"loc":{"start":{"line":34,"column":79},"end":{"line":38,"column":9}}},"6":{"name":"(anonymous_7)","decl":{"start":{"line":39,"column":21},"end":{"line":39,"column":26}},"loc":{"start":{"line":39,"column":69},"end":{"line":42,"column":9}}},"7":{"name":"(anonymous_8)","decl":{"start":{"line":45,"column":19},"end":{"line":45,"column":24}},"loc":{"start":{"line":45,"column":108},"end":{"line":51,"column":9}}}},"branchMap":{"0":{"loc":{"start":{"line":23,"column":12},"end":{"line":25,"column":13}},"type":"if","locations":[{"start":{"line":23,"column":12},"end":{"line":25,"column":13}}]}},"s":{"0":1,"1":1,"2":1,"3":1,"4":7,"5":8,"6":1,"7":0,"8":0,"9":3,"10":3,"11":3,"12":1,"13":2,"14":3,"15":3,"16":3,"17":3,"18":1,"19":1,"20":7,"21":7,"22":7,"23":7,"24":7},"f":{"0":7,"1":8,"2":0,"3":3,"4":3,"5":3,"6":1,"7":7},"b":{"0":[1]}}
,"/Users/jeremytemple/workplace/blockchain-playground/subscriptions-service/src/revision-annotator.ts": {"path":"/Users/jeremytemple/workplace/blockchain-playground/subscriptions-service/src/revision-annotator.ts","statementMap":{"0":{"start":{"line":4,"column":24},"end":{"line":21,"column":1}},"1":{"start":{"line":5,"column":30},"end":{"line":5,"column":32}},"2":{"start":{"line":6,"column":4},"end":{"line":8,"column":5}},"3":{"start":{"line":7,"column":8},"end":{"line":7,"column":32}},"4":{"start":{"line":9,"column":4},"end":{"line":11,"column":5}},"5":{"start":{"line":10,"column":8},"end":{"line":10,"column":36}},"6":{"start":{"line":12,"column":4},"end":{"line":14,"column":5}},"7":{"start":{"line":13,"column":8},"end":{"line":13,"column":43}},"8":{"start":{"line":15,"column":4},"end":{"line":20,"column":6}},"9":{"start":{"line":23,"column":32},"end":{"line":36,"column":1}},"10":{"start":{"line":24,"column":4},"end":{"line":35,"column":7}},"11":{"start":{"line":25,"column":8},"end":{"line":34,"column":9}},"12":{"start":{"line":26,"column":12},"end":{"line":31,"column":14}},"13":{"start":{"line":33,"column":12},"end":{"line":33,"column":67}},"14":{"start":{"line":23,"column":13},"end":{"line":23,"column":32}}},"fnMap":{"0":{"name":"(anonymous_0)","decl":{"start":{"line":4,"column":24},"end":{"line":4,"column":25}},"loc":{"start":{"line":4,"column":118},"end":{"line":21,"column":1}}},"1":{"name":"(anonymous_1)","decl":{"start":{"line":23,"column":32},"end":{"line":23,"column":33}},"loc":{"start":{"line":23,"column":103},"end":{"line":36,"column":1}}},"2":{"name":"(anonymous_2)","decl":{"start":{"line":24,"column":25},"end":{"line":24,"column":26}},"loc":{"start":{"line":24,"column":45},"end":{"line":35,"column":5}}}},"branchMap":{"0":{"loc":{"start":{"line":6,"column":4},"end":{"line":8,"column":5}},"type":"if","locations":[{"start":{"line":6,"column":4},"end":{"line":8,"column":5}}]},"1":{"loc":{"start":{"line":9,"column":4},"end":{"line":11,"column":5}},"type":"if","locations":[{"start":{"line":9,"column":4},"end":{"line":11,"column":5}}]},"2":{"loc":{"start":{"line":12,"column":4},"end":{"line":14,"column":5}},"type":"if","locations":[{"start":{"line":12,"column":4},"end":{"line":14,"column":5}}]},"3":{"loc":{"start":{"line":25,"column":8},"end":{"line":34,"column":9}},"type":"if","locations":[{"start":{"line":25,"column":8},"end":{"line":34,"column":9}},{"start":{"line":32,"column":15},"end":{"line":34,"column":9}}]}},"s":{"0":1,"1":1,"2":1,"3":1,"4":1,"5":0,"6":1,"7":1,"8":1,"9":1,"10":7,"11":8,"12":7,"13":1,"14":1},"f":{"0":1,"1":7,"2":8},"b":{"0":[1],"1":[0],"2":[1],"3":[7,1]}}
,"/Users/jeremytemple/workplace/blockchain-playground/subscriptions-service/src/revision-janitor.ts": {"path":"/Users/jeremytemple/workplace/blockchain-playground/subscriptions-service/src/revision-janitor.ts","statementMap":{"0":{"start":{"line":9,"column":32},"end":{"line":20,"column":1}},"1":{"start":{"line":10,"column":4},"end":{"line":12,"column":5}},"2":{"start":{"line":11,"column":8},"end":{"line":11,"column":22}},"3":{"start":{"line":13,"column":25},"end":{"line":13,"column":49}},"4":{"start":{"line":14,"column":4},"end":{"line":18,"column":5}},"5":{"start":{"line":14,"column":17},"end":{"line":14,"column":18}},"6":{"start":{"line":15,"column":8},"end":{"line":17,"column":9}},"7":{"start":{"line":16,"column":12},"end":{"line":16,"column":42}},"8":{"start":{"line":19,"column":4},"end":{"line":19,"column":18}},"9":{"start":{"line":9,"column":13},"end":{"line":9,"column":32}},"10":{"start":{"line":22,"column":26},"end":{"line":26,"column":1}},"11":{"start":{"line":23,"column":4},"end":{"line":25,"column":78}}},"fnMap":{"0":{"name":"(anonymous_0)","decl":{"start":{"line":9,"column":32},"end":{"line":9,"column":33}},"loc":{"start":{"line":9,"column":91},"end":{"line":20,"column":1}}},"1":{"name":"(anonymous_1)","decl":{"start":{"line":22,"column":26},"end":{"line":22,"column":27}},"loc":{"start":{"line":22,"column":88},"end":{"line":26,"column":1}}}},"branchMap":{"0":{"loc":{"start":{"line":10,"column":4},"end":{"line":12,"column":5}},"type":"if","locations":[{"start":{"line":10,"column":4},"end":{"line":12,"column":5}}]},"1":{"loc":{"start":{"line":15,"column":8},"end":{"line":17,"column":9}},"type":"if","locations":[{"start":{"line":15,"column":8},"end":{"line":17,"column":9}}]},"2":{"loc":{"start":{"line":23,"column":11},"end":{"line":25,"column":77}},"type":"binary-expr","locations":[{"start":{"line":23,"column":11},"end":{"line":23,"column":60}},{"start":{"line":24,"column":8},"end":{"line":24,"column":63}},{"start":{"line":25,"column":8},"end":{"line":25,"column":77}}]}},"s":{"0":1,"1":7,"2":5,"3":2,"4":2,"5":2,"6":2,"7":1,"8":1,"9":1,"10":1,"11":2},"f":{"0":7,"1":2},"b":{"0":[5],"1":[1],"2":[2,1,1]}}
,"/Users/jeremytemple/workplace/blockchain-playground/subscriptions-service/src/server.ts": {"path":"/Users/jeremytemple/workplace/blockchain-playground/subscriptions-service/src/server.ts","statementMap":{"0":{"start":{"line":1,"column":0},"end":{"line":1,"column":46}},"1":{"start":{"line":2,"column":0},"end":{"line":2,"column":39}},"2":{"start":{"line":4,"column":0},"end":{"line":4,"column":34}},"3":{"start":{"line":5,"column":0},"end":{"line":5,"column":34}},"4":{"start":{"line":6,"column":0},"end":{"line":6,"column":55}},"5":{"start":{"line":8,"column":17},"end":{"line":9,"column":null}},"6":{"start":{"line":12,"column":15},"end":{"line":12,"column":64}},"7":{"start":{"line":14,"column":13},"end":{"line":14,"column":62}}},"fnMap":{},"branchMap":{},"s":{"0":1,"1":1,"2":1,"3":1,"4":1,"5":1,"6":1,"7":1},"f":{},"b":{}}
,"/Users/jeremytemple/workplace/blockchain-playground/subscriptions-service/src/subscription-store.ts": {"path":"/Users/jeremytemple/workplace/blockchain-playground/subscriptions-service/src/subscription-store.ts","statementMap":{"0":{"start":{"line":3,"column":53},"end":{"line":3,"column":55}},"1":{"start":{"line":5,"column":72},"end":{"line":5,"column":74}},"2":{"start":{"line":20,"column":0},"end":{"line":61,"column":null}},"3":{"start":{"line":22,"column":38},"end":{"line":22,"column":135}},"4":{"start":{"line":22,"column":67},"end":{"line":22,"column":85}},"5":{"start":{"line":22,"column":99},"end":{"line":22,"column":102}},"6":{"start":{"line":23,"column":8},"end":{"line":23,"column":131}},"7":{"start":{"line":23,"column":58},"end":{"line":23,"column":128}},"8":{"start":{"line":25,"column":52},"end":{"line":25,"column":83}},"9":{"start":{"line":28,"column":8},"end":{"line":28,"column":61}},"10":{"start":{"line":31,"column":8},"end":{"line":36,"column":9}},"11":{"start":{"line":32,"column":12},"end":{"line":32,"column":39}},"12":{"start":{"line":35,"column":12},"end":{"line":35,"column":37}},"13":{"start":{"line":39,"column":29},"end":{"line":39,"column":46}},"14":{"start":{"line":40,"column":8},"end":{"line":42,"column":9}},"15":{"start":{"line":41,"column":12},"end":{"line":41,"column":54}},"16":{"start":{"line":43,"column":8},"end":{"line":43,"column":45}},"17":{"start":{"line":44,"column":47},"end":{"line":44,"column":152}},"18":{"start":{"line":45,"column":8},"end":{"line":45,"column":52}},"19":{"start":{"line":46,"column":8},"end":{"line":46,"column":33}},"20":{"start":{"line":49,"column":8},"end":{"line":49,"column":49}},"21":{"start":{"line":50,"column":45},"end":{"line":55,"column":10}},"22":{"start":{"line":56,"column":8},"end":{"line":56,"column":60}},"23":{"start":{"line":57,"column":8},"end":{"line":57,"column":null}},"24":{"start":{"line":58,"column":8},"end":{"line":58,"column":125}},"25":{"start":{"line":59,"column":8},"end":{"line":59,"column":31}}},"fnMap":{"0":{"name":"(anonymous_0)","decl":{"start":{"line":21,"column":22},"end":{"line":21,"column":27}},"loc":{"start":{"line":21,"column":79},"end":{"line":24,"column":5}}},"1":{"name":"(anonymous_1)","decl":{"start":{"line":22,"column":61},"end":{"line":22,"column":63}},"loc":{"start":{"line":22,"column":67},"end":{"line":22,"column":85}}},"2":{"name":"(anonymous_2)","decl":{"start":{"line":22,"column":94},"end":{"line":22,"column":95}},"loc":{"start":{"line":22,"column":99},"end":{"line":22,"column":102}}},"3":{"name":"(anonymous_3)","decl":{"start":{"line":23,"column":41},"end":{"line":23,"column":53}},"loc":{"start":{"line":23,"column":58},"end":{"line":23,"column":128}}},"4":{"name":"(anonymous_4)","decl":{"start":{"line":25,"column":30},"end":{"line":25,"column":35}},"loc":{"start":{"line":25,"column":52},"end":{"line":25,"column":83}}},"5":{"name":"(anonymous_5)","decl":{"start":{"line":27,"column":21},"end":{"line":27,"column":26}},"loc":{"start":{"line":27,"column":42},"end":{"line":29,"column":5}}},"6":{"name":"(anonymous_6)","decl":{"start":{"line":30,"column":24},"end":{"line":30,"column":29}},"loc":{"start":{"line":30,"column":45},"end":{"line":37,"column":5}}},"7":{"name":"(anonymous_7)","decl":{"start":{"line":38,"column":24},"end":{"line":38,"column":29}},"loc":{"start":{"line":38,"column":68},"end":{"line":47,"column":5}}},"8":{"name":"(anonymous_8)","decl":{"start":{"line":48,"column":21},"end":{"line":48,"column":26}},"loc":{"start":{"line":48,"column":76},"end":{"line":60,"column":5}}}},"branchMap":{"0":{"loc":{"start":{"line":22,"column":38},"end":{"line":22,"column":135}},"type":"binary-expr","locations":[{"start":{"line":22,"column":38},"end":{"line":22,"column":103}},{"start":{"line":22,"column":107},"end":{"line":22,"column":135}}]},"1":{"loc":{"start":{"line":25,"column":52},"end":{"line":25,"column":83}},"type":"binary-expr","locations":[{"start":{"line":25,"column":52},"end":{"line":25,"column":77}},{"start":{"line":25,"column":81},"end":{"line":25,"column":83}}]},"2":{"loc":{"start":{"line":28,"column":15},"end":{"line":28,"column":60}},"type":"binary-expr","locations":[{"start":{"line":28,"column":15},"end":{"line":28,"column":32}},{"start":{"line":28,"column":36},"end":{"line":28,"column":60}}]},"3":{"loc":{"start":{"line":40,"column":8},"end":{"line":42,"column":9}},"type":"if","locations":[{"start":{"line":40,"column":8},"end":{"line":42,"column":9}}]}},"s":{"0":1,"1":1,"2":1,"3":0,"4":0,"5":0,"6":0,"7":0,"8":7,"9":3,"10":1,"11":1,"12":1,"13":3,"14":3,"15":1,"16":2,"17":2,"18":2,"19":2,"20":3,"21":3,"22":3,"23":3,"24":3,"25":3},"f":{"0":0,"1":0,"2":0,"3":0,"4":7,"5":3,"6":1,"7":3,"8":3},"b":{"0":[0,0],"1":[7,0],"2":[3,2],"3":[1]}}
}
