TN:
SF:src/resolvers.ts
FN:7,(anonymous_1)
FN:9,(anonymous_2)
FN:17,(anonymous_3)
FN:21,(anonymous_4)
FN:31,(anonymous_5)
FN:35,(anonymous_6)
FN:40,(anonymous_7)
FN:46,(anonymous_8)
FNF:8
FNH:6
FNDA:4,(anonymous_1)
FNDA:5,(anonymous_2)
FNDA:0,(anonymous_3)
FNDA:1,(anonymous_4)
FNDA:2,(anonymous_5)
FNDA:1,(anonymous_6)
FNDA:0,(anonymous_7)
FNDA:4,(anonymous_8)
DA:3,1
DA:4,1
DA:5,1
DA:7,1
DA:8,4
DA:9,5
DA:15,1
DA:18,0
DA:19,0
DA:22,1
DA:23,1
DA:24,1
DA:25,0
DA:27,1
DA:32,2
DA:33,2
DA:36,1
DA:37,1
DA:41,0
DA:42,0
DA:47,4
DA:48,4
DA:49,4
DA:50,4
DA:51,4
LF:25
LH:20
BRDA:24,0,0,0
BRF:1
BRH:0
end_of_record
TN:
SF:src/revision-annotator.ts
FN:4,(anonymous_0)
FN:22,(anonymous_1)
FN:23,(anonymous_2)
FNF:3
FNH:3
FNDA:1,(anonymous_0)
FNDA:4,(anonymous_1)
FNDA:5,(anonymous_2)
DA:4,1
DA:5,1
DA:6,1
DA:7,1
DA:9,1
DA:10,0
DA:12,1
DA:13,1
DA:15,1
DA:22,1
DA:23,4
DA:24,5
DA:25,4
DA:31,1
LF:14
LH:13
BRDA:6,0,0,1
BRDA:9,1,0,0
BRDA:12,2,0,1
BRDA:24,3,0,4
BRDA:24,3,1,1
BRF:5
BRH:4
end_of_record
TN:
SF:src/revision-janitor.ts
FN:9,(anonymous_0)
FN:22,(anonymous_1)
FNF:2
FNH:2
FNDA:4,(anonymous_0)
FNDA:1,(anonymous_1)
DA:9,1
DA:10,4
DA:11,3
DA:13,1
DA:14,1
DA:15,1
DA:16,0
DA:19,1
DA:22,1
DA:23,1
LF:10
LH:9
BRDA:10,0,0,3
BRDA:15,1,0,0
BRDA:23,2,0,1
BRDA:23,2,1,0
BRDA:23,2,2,0
BRF:5
BRH:2
end_of_record
TN:
SF:src/server.ts
FNF:0
FNH:0
DA:1,1
DA:2,1
DA:4,1
DA:5,1
DA:6,1
DA:8,1
DA:12,1
DA:14,1
LF:8
LH:8
BRF:0
BRH:0
end_of_record
TN:
SF:src/subscription-store.ts
FN:20,(anonymous_0)
FN:21,(anonymous_1)
FN:21,(anonymous_2)
FN:22,(anonymous_3)
FN:24,(anonymous_4)
FN:26,(anonymous_5)
FN:29,(anonymous_6)
FN:37,(anonymous_7)
FN:47,(anonymous_8)
FNF:9
FNH:4
FNDA:0,(anonymous_0)
FNDA:0,(anonymous_1)
FNDA:0,(anonymous_2)
FNDA:0,(anonymous_3)
FNDA:4,(anonymous_4)
FNDA:1,(anonymous_5)
FNDA:0,(anonymous_6)
FNDA:1,(anonymous_7)
FNDA:2,(anonymous_8)
DA:3,1
DA:5,1
DA:19,1
DA:21,0
DA:22,0
DA:24,4
DA:27,1
DA:30,0
DA:31,0
DA:34,0
DA:38,1
DA:39,1
DA:40,0
DA:42,1
DA:43,1
DA:44,1
DA:45,1
DA:48,2
DA:49,2
DA:55,2
DA:56,2
DA:57,2
DA:58,2
LF:23
LH:17
BRDA:21,0,0,0
BRDA:21,0,1,0
BRDA:24,1,0,4
BRDA:24,1,1,0
BRDA:39,2,0,0
BRF:5
BRH:1
end_of_record
