TN:
SF:src/resolvers.ts
FN:6,(anonymous_1)
FN:8,(anonymous_2)
FN:16,(anonymous_3)
FN:20,(anonymous_4)
FN:30,(anonymous_5)
FN:34,(anonymous_6)
FN:39,(anonymous_7)
FN:45,(anonymous_8)
FNF:8
FNH:7
FNDA:7,(anonymous_1)
FNDA:8,(anonymous_2)
FNDA:0,(anonymous_3)
FNDA:3,(anonymous_4)
FNDA:3,(anonymous_5)
FNDA:3,(anonymous_6)
FNDA:1,(anonymous_7)
FNDA:7,(anonymous_8)
DA:2,1
DA:3,1
DA:4,1
DA:6,1
DA:7,7
DA:8,8
DA:14,1
DA:17,0
DA:18,0
DA:21,3
DA:22,3
DA:23,3
DA:24,1
DA:26,2
DA:31,3
DA:32,3
DA:35,3
DA:36,3
DA:40,1
DA:41,1
DA:46,7
DA:47,7
DA:48,7
DA:49,7
DA:50,7
LF:25
LH:23
BRDA:23,0,0,1
BRF:1
BRH:1
end_of_record
TN:
SF:src/revision-annotator.ts
FN:4,(anonymous_0)
FN:23,(anonymous_1)
FN:24,(anonymous_2)
FNF:3
FNH:3
FNDA:1,(anonymous_0)
FNDA:7,(anonymous_1)
FNDA:8,(anonymous_2)
DA:4,1
DA:5,1
DA:6,1
DA:7,1
DA:9,1
DA:10,0
DA:12,1
DA:13,1
DA:15,1
DA:23,1
DA:24,7
DA:25,8
DA:26,7
DA:33,1
LF:14
LH:13
BRDA:6,0,0,1
BRDA:9,1,0,0
BRDA:12,2,0,1
BRDA:25,3,0,7
BRDA:25,3,1,1
BRF:5
BRH:4
end_of_record
TN:
SF:src/revision-janitor.ts
FN:9,(anonymous_0)
FN:22,(anonymous_1)
FNF:2
FNH:2
FNDA:7,(anonymous_0)
FNDA:2,(anonymous_1)
DA:9,1
DA:10,7
DA:11,5
DA:13,2
DA:14,2
DA:15,2
DA:16,1
DA:19,1
DA:22,1
DA:23,2
LF:10
LH:10
BRDA:10,0,0,5
BRDA:15,1,0,1
BRDA:23,2,0,2
BRDA:23,2,1,1
BRDA:23,2,2,1
BRF:5
BRH:5
end_of_record
TN:
SF:src/server.ts
FNF:0
FNH:0
DA:1,1
DA:2,1
DA:4,1
DA:5,1
DA:6,1
DA:8,1
DA:12,1
DA:14,1
LF:8
LH:8
BRF:0
BRH:0
end_of_record
TN:
SF:src/subscription-store.ts
FN:21,(anonymous_0)
FN:22,(anonymous_1)
FN:22,(anonymous_2)
FN:23,(anonymous_3)
FN:25,(anonymous_4)
FN:27,(anonymous_5)
FN:30,(anonymous_6)
FN:38,(anonymous_7)
FN:48,(anonymous_8)
FNF:9
FNH:5
FNDA:0,(anonymous_0)
FNDA:0,(anonymous_1)
FNDA:0,(anonymous_2)
FNDA:0,(anonymous_3)
FNDA:7,(anonymous_4)
FNDA:3,(anonymous_5)
FNDA:1,(anonymous_6)
FNDA:3,(anonymous_7)
FNDA:3,(anonymous_8)
DA:3,1
DA:5,1
DA:20,1
DA:22,0
DA:23,0
DA:25,7
DA:28,3
DA:31,1
DA:32,1
DA:35,1
DA:39,3
DA:40,3
DA:41,1
DA:43,2
DA:44,2
DA:45,2
DA:46,2
DA:49,3
DA:50,3
DA:56,3
DA:57,3
DA:58,3
DA:59,3
LF:23
LH:21
BRDA:22,0,0,0
BRDA:22,0,1,0
BRDA:25,1,0,7
BRDA:25,1,1,0
BRDA:28,2,0,3
BRDA:28,2,1,2
BRDA:40,3,0,1
BRF:7
BRH:4
end_of_record
